[2023-11-28 10:53:08] [INFO ] [LoginTests] - Status code : 200
[2023-11-28 10:53:08] [INFO ] [LoginTests] - Response time : 763ms
[2023-11-28 10:53:08] [INFO ] [LoginTests] - Status code : 200
[2023-11-28 10:53:08] [INFO ] [LoginTests] - Response time : 129ms
[2023-11-28 10:53:09] [INFO ] [InventoryListingTests] - Status code : 200
[2023-11-28 10:53:09] [INFO ] [InventoryListingTests] - Response time : 636ms
[2023-11-28 10:53:09] [INFO ] [IncidenceListTests] - Status code : 200
[2023-11-28 10:53:09] [INFO ] [IncidenceListTests] - Response time : 239ms
[2023-11-28 10:53:10] [INFO ] [IncidenceHistoryTests] - Status code : 200
[2023-11-28 10:53:10] [INFO ] [IncidenceHistoryTests] - Response time : 874ms
[2023-11-28 10:53:10] [INFO ] [ReportIncidenceTests] - Status code : 200
[2023-11-28 10:53:10] [INFO ] [ReportIncidenceTests] - Response time : 228ms
[2023-11-28 10:53:13] [INFO ] [ResolveIncidenceTests] - Status code : 200
[2023-11-28 10:53:13] [INFO ] [ResolveIncidenceTests] - Response time : 2187ms
[2023-11-28 10:53:13] [INFO ] [ReporterResolverTests] - Status code : 200
[2023-11-28 10:53:13] [INFO ] [ReporterResolverTests] - Response time : 204ms
[2023-11-28 11:19:36] [INFO ] [LoginTests] - Status code : 200
[2023-11-28 11:19:36] [INFO ] [LoginTests] - Response time : 690ms
[2023-11-28 11:19:36] [INFO ] [LoginTests] - Status code : 200
[2023-11-28 11:19:36] [INFO ] [LoginTests] - Response time : 130ms
[2023-11-28 11:19:37] [INFO ] [InventoryListingTests] - Status code : 200
[2023-11-28 11:19:37] [INFO ] [InventoryListingTests] - Response time : 481ms
[2023-11-28 11:19:37] [INFO ] [IncidenceListTests] - Status code : 200
[2023-11-28 11:19:37] [INFO ] [IncidenceListTests] - Response time : 281ms
[2023-11-28 11:19:38] [INFO ] [IncidenceDetailsTests] - Status code : 404
[2023-11-28 11:19:38] [INFO ] [IncidenceDetailsTests] - Response time : 360ms
[2023-11-28 11:19:38] [INFO ] [IncidenceHistoryTests] - Status code : 200
[2023-11-28 11:19:38] [INFO ] [IncidenceHistoryTests] - Response time : 87ms
[2023-11-28 11:19:38] [INFO ] [ReportIncidenceTests] - Status code : 200
[2023-11-28 11:19:38] [INFO ] [ReportIncidenceTests] - Response time : 84ms
[2023-11-28 11:19:38] [INFO ] [ResolveIncidenceTests] - Status code : 200
[2023-11-28 11:19:38] [INFO ] [ResolveIncidenceTests] - Response time : 144ms
[2023-11-28 11:19:38] [INFO ] [ReporterResolverTests] - Status code : 200
[2023-11-28 11:19:38] [INFO ] [ReporterResolverTests] - Response time : 151ms
[2023-11-28 12:37:49] [INFO ] [LoginTests] - Status code : 200
[2023-11-28 12:37:49] [INFO ] [LoginTests] - Response time : 2571ms
[2023-11-28 12:37:49] [INFO ] [LoginTests] - Status code : 200
[2023-11-28 12:37:49] [INFO ] [LoginTests] - Response time : 110ms
[2023-11-28 12:37:50] [INFO ] [InventoryListingTests] - Status code : 200
[2023-11-28 12:37:50] [INFO ] [InventoryListingTests] - Response time : 450ms
[2023-11-28 12:37:51] [INFO ] [IncidenceListTests] - Status code : 200
[2023-11-28 12:37:51] [INFO ] [IncidenceListTests] - Response time : 1119ms
[2023-11-28 12:37:51] [INFO ] [IncidenceDetailsTests] - Status code : 404
[2023-11-28 12:37:51] [INFO ] [IncidenceDetailsTests] - Response time : 140ms
[2023-11-28 12:37:51] [INFO ] [IncidenceHistoryTests] - Status code : 200
[2023-11-28 12:37:51] [INFO ] [IncidenceHistoryTests] - Response time : 106ms
[2023-11-28 12:37:52] [INFO ] [ReportIncidenceTests] - Status code : 200
[2023-11-28 12:37:52] [INFO ] [ReportIncidenceTests] - Response time : 85ms
[2023-11-28 12:37:52] [INFO ] [ResolveIncidenceTests] - Status code : 200
[2023-11-28 12:37:52] [INFO ] [ResolveIncidenceTests] - Response time : 126ms
[2023-11-28 12:37:52] [INFO ] [ReporterResolverTests] - Status code : 200
[2023-11-28 12:37:52] [INFO ] [ReporterResolverTests] - Response time : 166ms
[2023-11-28 14:12:00] [INFO ] [LoginTests] - Status code : 200
[2023-11-28 14:12:00] [INFO ] [LoginTests] - Response time : 526ms
[2023-11-28 14:12:00] [INFO ] [LoginTests] - Status code : 200
[2023-11-28 14:12:00] [INFO ] [LoginTests] - Response time : 110ms
[2023-11-28 14:12:01] [INFO ] [InventoryListingTests] - Status code : 200
[2023-11-28 14:12:01] [INFO ] [InventoryListingTests] - Response time : 306ms
[2023-11-28 14:12:01] [INFO ] [IncidenceListTests] - Status code : 200
[2023-11-28 14:12:01] [INFO ] [IncidenceListTests] - Response time : 183ms
[2023-11-28 14:12:01] [INFO ] [IncidenceDetailsTests] - Status code : 404
[2023-11-28 14:12:01] [INFO ] [IncidenceDetailsTests] - Response time : 108ms
[2023-11-28 14:12:01] [INFO ] [IncidenceHistoryTests] - Status code : 200
[2023-11-28 14:12:01] [INFO ] [IncidenceHistoryTests] - Response time : 80ms
[2023-11-28 14:12:02] [INFO ] [ReportIncidenceTests] - Status code : 200
[2023-11-28 14:12:02] [INFO ] [ReportIncidenceTests] - Response time : 98ms
[2023-11-28 14:12:02] [INFO ] [ResolveIncidenceTests] - Status code : 200
[2023-11-28 14:12:02] [INFO ] [ResolveIncidenceTests] - Response time : 119ms
[2023-11-28 14:12:02] [INFO ] [ReporterResolverTests] - Status code : 200
[2023-11-28 14:12:02] [INFO ] [ReporterResolverTests] - Response time : 108ms
[2023-11-28 15:54:17] [INFO ] [LoginTests] - Status code : 200
[2023-11-28 15:54:17] [INFO ] [LoginTests] - Response time : 3594ms
[2023-11-28 15:55:24] [INFO ] [LoginTests] - Status code : 200
[2023-11-28 15:55:24] [INFO ] [LoginTests] - Response time : 15132ms
[2023-11-28 15:57:10] [INFO ] [LoginTests] - Status code : 200
[2023-11-28 15:57:10] [INFO ] [LoginTests] - Response time : 3133ms
[2023-11-28 16:03:50] [INFO ] [LoginTests] - Status code : 200
[2023-11-28 16:03:50] [INFO ] [LoginTests] - Response time : 127ms
[2023-11-28 16:10:30] [INFO ] [LoginTests] - Status code : 200
[2023-11-28 16:10:30] [INFO ] [LoginTests] - Response time : 3133ms
[2023-11-28 17:07:25] [INFO ] [LoginTests] - Status code : 200
[2023-11-28 17:07:25] [INFO ] [LoginTests] - Response time : 111ms
[2023-11-28 22:09:03] [INFO ] [LoginTests] - Status code : 200
[2023-11-28 22:09:03] [INFO ] [LoginTests] - Response time : 993ms
[2023-11-28 22:09:03] [INFO ] [LoginTests] - Status code : 200
[2023-11-28 22:09:03] [INFO ] [LoginTests] - Response time : 132ms
[2023-11-28 22:22:08] [INFO ] [LoginTests] - Status code : 200
[2023-11-28 22:22:08] [INFO ] [LoginTests] - Response time : 890ms
[2023-11-28 22:22:09] [INFO ] [LoginTests] - Status code : 200
[2023-11-28 22:22:09] [INFO ] [LoginTests] - Response time : 113ms
[2023-11-28 22:23:37] [INFO ] [LoginTests] - Status code : 200
[2023-11-28 22:23:37] [INFO ] [LoginTests] - Response time : 444ms
[2023-11-28 22:23:37] [INFO ] [LoginTests] - Status code : 200
[2023-11-28 22:23:37] [INFO ] [LoginTests] - Response time : 124ms
[2023-11-28 22:28:57] [INFO ] [LoginTests] - Status code : 200
[2023-11-28 22:28:57] [INFO ] [LoginTests] - Response time : 1219ms
[2023-11-28 22:28:58] [INFO ] [LoginTests] - Status code : 200
[2023-11-28 22:28:58] [INFO ] [LoginTests] - Response time : 147ms
[2023-11-28 22:35:38] [INFO ] [LoginTests] - Status code : 200
[2023-11-28 22:35:38] [INFO ] [LoginTests] - Response time : 1675ms
[2023-11-28 22:35:39] [INFO ] [LoginTests] - Status code : 200
[2023-11-28 22:35:39] [INFO ] [LoginTests] - Response time : 857ms
[2023-11-28 22:37:07] [INFO ] [LoginTests] - Status code : 200
[2023-11-28 22:37:07] [INFO ] [LoginTests] - Response time : 2123ms
[2023-11-28 22:37:08] [INFO ] [LoginTests] - Status code : 200
[2023-11-28 22:37:08] [INFO ] [LoginTests] - Response time : 1451ms
[2023-11-28 22:40:52] [INFO ] [LoginTests] - Status code : 200
[2023-11-28 22:40:52] [INFO ] [LoginTests] - Response time : 978ms
[2023-11-28 22:40:53] [INFO ] [LoginTests] - Status code : 200
[2023-11-28 22:40:53] [INFO ] [LoginTests] - Response time : 207ms
[2023-11-28 22:51:12] [INFO ] [LoginTests] - Status code : 200
[2023-11-28 22:51:12] [INFO ] [LoginTests] - Response time : 504ms
[2023-11-28 22:51:12] [INFO ] [LoginTests] - Status code : 200
[2023-11-28 22:51:12] [INFO ] [LoginTests] - Response time : 118ms
[2023-11-28 22:56:36] [INFO ] [LoginTests] - Status code : 200
[2023-11-28 22:56:36] [INFO ] [LoginTests] - Response time : 686ms
[2023-11-28 22:56:36] [INFO ] [LoginTests] - Status code : 200
[2023-11-28 22:56:36] [INFO ] [LoginTests] - Response time : 124ms
[2023-11-28 22:56:37] [INFO ] [InventoryListingTests] - Status code : 200
[2023-11-28 22:56:37] [INFO ] [InventoryListingTests] - Response time : 1253ms
[2023-11-28 22:56:37] [INFO ] [IncidenceListTests] - Status code : 200
[2023-11-28 22:56:37] [INFO ] [IncidenceListTests] - Response time : 298ms
[2023-11-28 22:56:38] [INFO ] [IncidenceDetailsTests] - Status code : 404
[2023-11-28 22:56:38] [INFO ] [IncidenceDetailsTests] - Response time : 222ms
[2023-11-28 22:56:38] [INFO ] [IncidenceHistoryTests] - Status code : 200
[2023-11-28 22:56:38] [INFO ] [IncidenceHistoryTests] - Response time : 119ms
[2023-11-28 22:56:38] [INFO ] [ReportIncidenceTests] - Status code : 200
[2023-11-28 22:56:38] [INFO ] [ReportIncidenceTests] - Response time : 149ms
[2023-11-28 22:56:38] [INFO ] [ResolveIncidenceTests] - Status code : 200
[2023-11-28 22:56:38] [INFO ] [ResolveIncidenceTests] - Response time : 306ms
[2023-11-28 22:56:39] [INFO ] [ReporterResolverTests] - Status code : 200
[2023-11-28 22:56:39] [INFO ] [ReporterResolverTests] - Response time : 254ms
[2023-11-28 23:02:50] [INFO ] [LoginTests] - Status code : 200
[2023-11-28 23:02:50] [INFO ] [LoginTests] - Response time : 567ms
[2023-11-28 23:02:50] [INFO ] [LoginTests] - Status code : 200
[2023-11-28 23:02:50] [INFO ] [LoginTests] - Response time : 124ms
